<?xml version="1.0" encoding="UTF-8"?>
<testng-results ignored="0" total="2" passed="2" failed="0" skipped="0">
  <reporter-output>
  </reporter-output>
  <suite started-at="2024-01-12T16:40:28 IST" name="Default suite" finished-at="2024-01-12T16:40:33 IST" duration-ms="5005">
    <groups>
    </groups>
    <test started-at="2024-01-12T16:40:28 IST" name="Default test" finished-at="2024-01-12T16:40:33 IST" duration-ms="5005">
      <class name="com.vms.test.SeleniumVMSUpdateRunner">
        <test-method is-config="true" signature="initializeDriver()[pri:0, instance:com.vms.test.SeleniumVMSUpdateRunner@7ce026d3]" started-at="2024-01-12T16:40:28 IST" name="initializeDriver" finished-at="2024-01-12T16:40:31 IST" duration-ms="3214" status="PASS">
          <reporter-output>
          </reporter-output>
        </test-method> <!-- initializeDriver -->
        <test-method signature="loadGoolgePage()[pri:0, instance:com.vms.test.SeleniumVMSUpdateRunner@7ce026d3]" started-at="2024-01-12T16:40:32 IST" name="loadGoolgePage" finished-at="2024-01-12T16:40:33 IST" duration-ms="1259" status="PASS">
          <reporter-output>
          </reporter-output>
        </test-method> <!-- loadGoolgePage -->
        <test-method signature="testVehicleUpdateFormSubmission()[pri:0, instance:com.vms.test.SeleniumVMSUpdateRunner@7ce026d3]" started-at="2024-01-12T16:40:33 IST" name="testVehicleUpdateFormSubmission" finished-at="2024-01-12T16:40:33 IST" duration-ms="499" status="PASS">
          <reporter-output>
          </reporter-output>
        </test-method> <!-- testVehicleUpdateFormSubmission -->
      </class> <!-- com.vms.test.SeleniumVMSUpdateRunner -->
    </test> <!-- Default test -->
  </suite> <!-- Default suite -->
</testng-results>
